Added Component: Designator=C1(SMD_0805)
Added Component: Designator=C2(SMD_0805)
Added Component: Designator=C3(SMD_0805)
Added Component: Designator=C4(SMD_0805)
Added Component: Designator=C5(SMD_0805)
Added Component: Designator=C6(SMD_0805)
Added Component: Designator=C7(SMD_0805)
Added Component: Designator=C8(SMD_0805)
Added Component: Designator=C9(SMD_0805)
Added Component: Designator=C10(SMD_0805)
Added Component: Designator=C11(SMD_0805)
Added Component: Designator=C12(SMD_0805)
Added Component: Designator=C13(SMD_0805)
Added Component: Designator=C14(SMD_0805)
Added Component: Designator=C15(SMD_0805)
Added Component: Designator=C16(SMD_0805)
Added Component: Designator=C17(SMD_0805)
Added Component: Designator=C18(SMD_0805)
Added Component: Designator=C19(SMD_0805)
Added Component: Designator=C20(SMD_0805)
Added Component: Designator=C21(SMD_0805)
Added Component: Designator=C22(SMD_0805)
Added Component: Designator=C23(SMD_0805)
Added Component: Designator=C24(SMD_0805)
Added Component: Designator=C25(SMD_0805)
Added Component: Designator=C26(SMD_0805)
Added Component: Designator=C27(SMD_0805)
Added Component: Designator=C28(SMD_0805)
Added Component: Designator=C29(SMD_0805)
Added Component: Designator=C30(SMD_0805)
Added Component: Designator=C31(SMD_0805)
Added Component: Designator=C32(SMD_0805)
Added Component: Designator=C33(SMD_0805)
Added Component: Designator=C34(SMD_0805)
Added Component: Designator=C35(SMD_0805)
Added Component: Designator=J1(HDR1X10)
Added Component: Designator=J2(HDR1X6)
Added Component: Designator=L1(SMD_0805)
Added Component: Designator=P1(HDR1X2)
Added Component: Designator=P2(HDR1X2)
Added Component: Designator=P3(HDR1X2)
Added Component: Designator=R1(SMD_0805)
Added Component: Designator=R2(SMD_0805)
Added Component: Designator=R3(SMD_0805)
Added Component: Designator=R4(SMD_0805)
Added Component: Designator=R5(SMD_0805)
Added Component: Designator=R6(SMD_0805)
Added Component: Designator=R7(SMD_0805)
Added Component: Designator=R8(SMD_0805)
Added Component: Designator=R9(SMD_0805)
Added Component: Designator=R10(SMD_0805)
Added Component: Designator=R11(SMD_0805)
Added Component: Designator=R12(SMD_0805)
Added Component: Designator=R13(SMD_0805)
Added Component: Designator=R14(SMD_0805)
Added Component: Designator=R15(SMD_0805)
Added Component: Designator=R16(SMD_0805)
Added Component: Designator=R17(SMD_0805)
Added Component: Designator=R18(SMD_0805)
Added Component: Designator=R19(SMD_0805)
Added Component: Designator=R20(SMD_0805)
Added Component: Designator=R21(SMD_0805)
Added Component: Designator=U1(MAA05A_M)
Added Component: Designator=U2(SOT23-5_L)
Added Component: Designator=U3(ADS1292_PQFP32)
Added Component: Designator=U4(SOT23-5_L)
Added Component: Designator=U5(TLC2262_SOIC8)
Added Component: Designator=U6(TSOP-5_483-02)
Added Pin To Net: NetName=ADC_1INP Pin=C14-1
Added Pin To Net: NetName=ADC_1INP Pin=R15-2
Added Pin To Net: NetName=ADC_1INP Pin=U3-4
Added Net: Name=ADC_1INP
Added Pin To Net: NetName=ADC_2INP Pin=C23-1
Added Pin To Net: NetName=ADC_2INP Pin=R20-1
Added Pin To Net: NetName=ADC_2INP Pin=U3-6
Added Net: Name=ADC_2INP
Added Pin To Net: NetName=ADC_CS Pin=J1-8
Added Pin To Net: NetName=ADC_CS Pin=U3-18
Added Net: Name=ADC_CS
Added Pin To Net: NetName=ADC_DIN Pin=J1-7
Added Pin To Net: NetName=ADC_DIN Pin=U3-19
Added Net: Name=ADC_DIN
Added Pin To Net: NetName=ADC_DOUT Pin=J1-5
Added Pin To Net: NetName=ADC_DOUT Pin=U3-21
Added Net: Name=ADC_DOUT
Added Pin To Net: NetName=ADC_DRDY Pin=J1-4
Added Pin To Net: NetName=ADC_DRDY Pin=U3-22
Added Net: Name=ADC_DRDY
Added Pin To Net: NetName=ADC_PGA1N Pin=C34-1
Added Pin To Net: NetName=ADC_PGA1N Pin=U3-1
Added Net: Name=ADC_PGA1N
Added Pin To Net: NetName=ADC_PGA1P Pin=C34-2
Added Pin To Net: NetName=ADC_PGA1P Pin=U3-2
Added Net: Name=ADC_PGA1P
Added Pin To Net: NetName=ADC_PGA2N Pin=C35-1
Added Pin To Net: NetName=ADC_PGA2N Pin=U3-7
Added Net: Name=ADC_PGA2N
Added Pin To Net: NetName=ADC_PGA2P Pin=C35-2
Added Pin To Net: NetName=ADC_PGA2P Pin=U3-8
Added Net: Name=ADC_PGA2P
Added Pin To Net: NetName=ADC_RLDIN Pin=C33-2
Added Pin To Net: NetName=ADC_RLDIN Pin=R21-2
Added Pin To Net: NetName=ADC_RLDIN Pin=U3-28
Added Net: Name=ADC_RLDIN
Added Pin To Net: NetName=ADC_RLDOUT Pin=C33-1
Added Pin To Net: NetName=ADC_RLDOUT Pin=J2-5
Added Pin To Net: NetName=ADC_RLDOUT Pin=R21-1
Added Pin To Net: NetName=ADC_RLDOUT Pin=U3-30
Added Net: Name=ADC_RLDOUT
Added Pin To Net: NetName=ADC_RST Pin=J1-10
Added Pin To Net: NetName=ADC_RST Pin=U3-15
Added Net: Name=ADC_RST
Added Pin To Net: NetName=ADC_SCLK Pin=J1-6
Added Pin To Net: NetName=ADC_SCLK Pin=U3-20
Added Net: Name=ADC_SCLK
Added Pin To Net: NetName=ADC_STRT Pin=J1-9
Added Pin To Net: NetName=ADC_STRT Pin=U3-16
Added Net: Name=ADC_STRT
Added Pin To Net: NetName=ADC_VCAP1 Pin=C29-2
Added Pin To Net: NetName=ADC_VCAP1 Pin=U3-11
Added Net: Name=ADC_VCAP1
Added Pin To Net: NetName=ADC_VCAP2 Pin=C30-2
Added Pin To Net: NetName=ADC_VCAP2 Pin=U3-27
Added Net: Name=ADC_VCAP2
Added Pin To Net: NetName=ADC_VREFP Pin=C31-2
Added Pin To Net: NetName=ADC_VREFP Pin=C32-2
Added Pin To Net: NetName=ADC_VREFP Pin=U3-9
Added Net: Name=ADC_VREFP
Added Pin To Net: NetName=ANALOG_GND Pin=C1-1
Added Pin To Net: NetName=ANALOG_GND Pin=C2-1
Added Pin To Net: NetName=ANALOG_GND Pin=C3-1
Added Pin To Net: NetName=ANALOG_GND Pin=C4-1
Added Pin To Net: NetName=ANALOG_GND Pin=C5-1
Added Pin To Net: NetName=ANALOG_GND Pin=C7-1
Added Pin To Net: NetName=ANALOG_GND Pin=C8-1
Added Pin To Net: NetName=ANALOG_GND Pin=C9-1
Added Pin To Net: NetName=ANALOG_GND Pin=C10-1
Added Pin To Net: NetName=ANALOG_GND Pin=C12-1
Added Pin To Net: NetName=ANALOG_GND Pin=C16-1
Added Pin To Net: NetName=ANALOG_GND Pin=C17-1
Added Pin To Net: NetName=ANALOG_GND Pin=C27-1
Added Pin To Net: NetName=ANALOG_GND Pin=C28-1
Added Pin To Net: NetName=ANALOG_GND Pin=C29-1
Added Pin To Net: NetName=ANALOG_GND Pin=C30-1
Added Pin To Net: NetName=ANALOG_GND Pin=C31-1
Added Pin To Net: NetName=ANALOG_GND Pin=C32-1
Added Pin To Net: NetName=ANALOG_GND Pin=R2-1
Added Pin To Net: NetName=ANALOG_GND Pin=R4-2
Added Pin To Net: NetName=ANALOG_GND Pin=U1-2
Added Pin To Net: NetName=ANALOG_GND Pin=U2-2
Added Pin To Net: NetName=ANALOG_GND Pin=U3-10
Added Pin To Net: NetName=ANALOG_GND Pin=U3-13
Added Pin To Net: NetName=ANALOG_GND Pin=U4-2
Added Pin To Net: NetName=ANALOG_GND Pin=U5-4
Added Net: Name=ANALOG_GND
Added Pin To Net: NetName=AVDD Pin=C1-2
Added Pin To Net: NetName=AVDD Pin=C2-2
Added Pin To Net: NetName=AVDD Pin=C3-2
Added Pin To Net: NetName=AVDD Pin=C4-2
Added Pin To Net: NetName=AVDD Pin=C9-2
Added Pin To Net: NetName=AVDD Pin=C10-2
Added Pin To Net: NetName=AVDD Pin=C16-2
Added Pin To Net: NetName=AVDD Pin=C17-2
Added Pin To Net: NetName=AVDD Pin=C27-2
Added Pin To Net: NetName=AVDD Pin=C28-2
Added Pin To Net: NetName=AVDD Pin=L1-1
Added Pin To Net: NetName=AVDD Pin=R3-1
Added Pin To Net: NetName=AVDD Pin=U1-5
Added Pin To Net: NetName=AVDD Pin=U2-5
Added Pin To Net: NetName=AVDD Pin=U3-12
Added Pin To Net: NetName=AVDD Pin=U4-5
Added Pin To Net: NetName=AVDD Pin=U5-8
Added Net: Name=AVDD
Added Pin To Net: NetName=DIGITAL_GND Pin=C20-1
Added Pin To Net: NetName=DIGITAL_GND Pin=C21-1
Added Pin To Net: NetName=DIGITAL_GND Pin=C22-1
Added Pin To Net: NetName=DIGITAL_GND Pin=C24-1
Added Pin To Net: NetName=DIGITAL_GND Pin=C25-1
Added Pin To Net: NetName=DIGITAL_GND Pin=C26-1
Added Pin To Net: NetName=DIGITAL_GND Pin=J1-2
Added Pin To Net: NetName=DIGITAL_GND Pin=J1-3
Added Pin To Net: NetName=DIGITAL_GND Pin=P3-2
Added Pin To Net: NetName=DIGITAL_GND Pin=R2-2
Added Pin To Net: NetName=DIGITAL_GND Pin=U3-24
Added Pin To Net: NetName=DIGITAL_GND Pin=U6-2
Added Net: Name=DIGITAL_GND
Added Pin To Net: NetName=DVDD_IN Pin=J1-1
Added Pin To Net: NetName=DVDD_IN Pin=P1-1
Added Pin To Net: NetName=DVDD_IN Pin=P2-1
Added Net: Name=DVDD_IN
Added Pin To Net: NetName=DVDD Pin=C21-2
Added Pin To Net: NetName=DVDD Pin=C22-2
Added Pin To Net: NetName=DVDD Pin=C25-2
Added Pin To Net: NetName=DVDD Pin=C26-2
Added Pin To Net: NetName=DVDD Pin=L1-2
Added Pin To Net: NetName=DVDD Pin=P2-2
Added Pin To Net: NetName=DVDD Pin=U3-14
Added Pin To Net: NetName=DVDD Pin=U3-23
Added Pin To Net: NetName=DVDD Pin=U6-5
Added Net: Name=DVDD
Added Pin To Net: NetName=MAX1_OUT2 Pin=C13-2
Added Pin To Net: NetName=MAX1_OUT2 Pin=R1-2
Added Net: Name=MAX1_OUT2
Added Pin To Net: NetName=MAX1_OUT Pin=R1-1
Added Pin To Net: NetName=MAX1_OUT Pin=R5-2
Added Pin To Net: NetName=MAX1_OUT Pin=U2-1
Added Pin To Net: NetName=MAX1_OUT Pin=U2-4
Added Net: Name=MAX1_OUT
Added Pin To Net: NetName=MAX1_SGNL Pin=C6-1
Added Pin To Net: NetName=MAX1_SGNL Pin=R10-2
Added Pin To Net: NetName=MAX1_SGNL Pin=U2-3
Added Net: Name=MAX1_SGNL
Added Pin To Net: NetName=MAX2_OUT2 Pin=C19-2
Added Pin To Net: NetName=MAX2_OUT2 Pin=R6-2
Added Net: Name=MAX2_OUT2
Added Pin To Net: NetName=MAX2_OUT Pin=R6-1
Added Pin To Net: NetName=MAX2_OUT Pin=R7-2
Added Pin To Net: NetName=MAX2_OUT Pin=U4-1
Added Pin To Net: NetName=MAX2_OUT Pin=U4-4
Added Net: Name=MAX2_OUT
Added Pin To Net: NetName=MAX2_SGNL Pin=C11-1
Added Pin To Net: NetName=MAX2_SGNL Pin=R9-2
Added Pin To Net: NetName=MAX2_SGNL Pin=U4-3
Added Net: Name=MAX2_SGNL
Added Pin To Net: NetName=NetC6_2 Pin=C6-2
Added Pin To Net: NetName=NetC6_2 Pin=C7-2
Added Pin To Net: NetName=NetC6_2 Pin=R5-1
Added Net: Name=NetC6_2
Added Pin To Net: NetName=NetC8_2 Pin=C8-2
Added Pin To Net: NetName=NetC8_2 Pin=R3-2
Added Pin To Net: NetName=NetC8_2 Pin=R4-1
Added Pin To Net: NetName=NetC8_2 Pin=U1-1
Added Net: Name=NetC8_2
Added Pin To Net: NetName=NetC11_2 Pin=C11-2
Added Pin To Net: NetName=NetC11_2 Pin=C12-2
Added Pin To Net: NetName=NetC11_2 Pin=R7-1
Added Net: Name=NetC11_2
Added Pin To Net: NetName=NetC13_1 Pin=C13-1
Added Pin To Net: NetName=NetC13_1 Pin=R13-2
Added Pin To Net: NetName=NetC13_1 Pin=U5-3
Added Net: Name=NetC13_1
Added Pin To Net: NetName=NetC14_2 Pin=C14-2
Added Pin To Net: NetName=NetC14_2 Pin=C15-2
Added Pin To Net: NetName=NetC14_2 Pin=R14-2
Added Pin To Net: NetName=NetC14_2 Pin=U5-1
Added Net: Name=NetC14_2
Added Pin To Net: NetName=NetC15_1 Pin=C15-1
Added Pin To Net: NetName=NetC15_1 Pin=R14-1
Added Pin To Net: NetName=NetC15_1 Pin=R16-2
Added Pin To Net: NetName=NetC15_1 Pin=U5-2
Added Net: Name=NetC15_1
Added Pin To Net: NetName=NetC18_1 Pin=C18-1
Added Pin To Net: NetName=NetC18_1 Pin=C23-2
Added Pin To Net: NetName=NetC18_1 Pin=R19-1
Added Pin To Net: NetName=NetC18_1 Pin=U5-7
Added Net: Name=NetC18_1
Added Pin To Net: NetName=NetC18_2 Pin=C18-2
Added Pin To Net: NetName=NetC18_2 Pin=R17-2
Added Pin To Net: NetName=NetC18_2 Pin=R19-2
Added Pin To Net: NetName=NetC18_2 Pin=U5-6
Added Net: Name=NetC18_2
Added Pin To Net: NetName=NetC19_1 Pin=C19-1
Added Pin To Net: NetName=NetC19_1 Pin=R18-1
Added Pin To Net: NetName=NetC19_1 Pin=U5-5
Added Net: Name=NetC19_1
Added Pin To Net: NetName=NetC20_2 Pin=C20-2
Added Pin To Net: NetName=NetC20_2 Pin=U6-4
Added Net: Name=NetC20_2
Added Pin To Net: NetName=NetJ2_1 Pin=J2-1
Added Pin To Net: NetName=NetJ2_1 Pin=R8-1
Added Net: Name=NetJ2_1
Added Pin To Net: NetName=NetJ2_2 Pin=J2-2
Added Pin To Net: NetName=NetJ2_2 Pin=R9-1
Added Net: Name=NetJ2_2
Added Pin To Net: NetName=NetJ2_3 Pin=J2-3
Added Pin To Net: NetName=NetJ2_3 Pin=R10-1
Added Net: Name=NetJ2_3
Added Pin To Net: NetName=NetJ2_4 Pin=J2-4
Added Pin To Net: NetName=NetJ2_4 Pin=R11-1
Added Net: Name=NetJ2_4
Added Pin To Net: NetName=NetJ2_6 Pin=J2-6
Added Pin To Net: NetName=NetJ2_6 Pin=R12-1
Added Net: Name=NetJ2_6
Added Pin To Net: NetName=V_IN Pin=C24-2
Added Pin To Net: NetName=V_IN Pin=P1-2
Added Pin To Net: NetName=V_IN Pin=P3-1
Added Pin To Net: NetName=V_IN Pin=U6-1
Added Pin To Net: NetName=V_IN Pin=U6-3
Added Net: Name=V_IN
Added Pin To Net: NetName=VGND Pin=C5-2
Added Pin To Net: NetName=VGND Pin=R8-2
Added Pin To Net: NetName=VGND Pin=R11-2
Added Pin To Net: NetName=VGND Pin=R12-2
Added Pin To Net: NetName=VGND Pin=R13-1
Added Pin To Net: NetName=VGND Pin=R15-1
Added Pin To Net: NetName=VGND Pin=R16-1
Added Pin To Net: NetName=VGND Pin=R17-1
Added Pin To Net: NetName=VGND Pin=R18-2
Added Pin To Net: NetName=VGND Pin=R20-2
Added Pin To Net: NetName=VGND Pin=U1-3
Added Pin To Net: NetName=VGND Pin=U1-4
Added Pin To Net: NetName=VGND Pin=U3-3
Added Pin To Net: NetName=VGND Pin=U3-5
Added Pin To Net: NetName=VGND Pin=U3-29
Added Net: Name=VGND
Added Class: Name=Lab6
Added Room: Name=Lab6
