Change Physical Footprint: Designator=C2 Old Footprint=SMD_0805 New Footprint=SMD_0805
Change Physical Footprint: Designator=C3 Old Footprint=SMD_0805 New Footprint=SMD_0805
Change Physical Footprint: Designator=C4 Old Footprint=SMD_0805 New Footprint=SMD_0805
Change Physical Footprint: Designator=C5 Old Footprint=SMD_0805 New Footprint=SMD_0805
Change Physical Footprint: Designator=C6 Old Footprint=SMD_0805 New Footprint=SMD_0805
Change Physical Footprint: Designator=C7 Old Footprint=SMD_0805 New Footprint=SMD_0805
Change Physical Footprint: Designator=C10 Old Footprint=SMD_0805 New Footprint=SMD_0805
Change Physical Footprint: Designator=C13 Old Footprint=SMD_0805 New Footprint=SMD_0805
Change Physical Footprint: Designator=C15 Old Footprint=SMD_0805 New Footprint=SMD_0805
Change Physical Footprint: Designator=C16 Old Footprint=SMD_0805 New Footprint=SMD_0805
Change Physical Footprint: Designator=C17 Old Footprint=SMD_0805 New Footprint=SMD_0805
Change Physical Footprint: Designator=C18 Old Footprint=SMD_0805 New Footprint=SMD_0805
Change Physical Footprint: Designator=C19 Old Footprint=SMD_0805 New Footprint=SMD_0805
Change Physical Footprint: Designator=C20 Old Footprint=SMD_0805 New Footprint=SMD_0805
Change Physical Footprint: Designator=C21 Old Footprint=SMD_0805 New Footprint=SMD_0805
Change Physical Footprint: Designator=C22 Old Footprint=SMD_0805 New Footprint=SMD_0805
Change Physical Footprint: Designator=C23 Old Footprint=SMD_0805 New Footprint=SMD_0805
Change Physical Footprint: Designator=C24 Old Footprint=SMD_0805 New Footprint=SMD_0805
Change Physical Footprint: Designator=C25 Old Footprint=SMD_0805 New Footprint=SMD_0805
Change Physical Footprint: Designator=C26 Old Footprint=SMD_0805 New Footprint=SMD_0805
Change Physical Footprint: Designator=C27 Old Footprint=SMD_0805 New Footprint=SMD_0805
Change Physical Footprint: Designator=C28 Old Footprint=SMD_0805 New Footprint=SMD_0805
Change Physical Footprint: Designator=C29 Old Footprint=SMD_0805 New Footprint=SMD_0805
Change Physical Footprint: Designator=C30 Old Footprint=SMD_0805 New Footprint=SMD_0805
Change Physical Footprint: Designator=C31 Old Footprint=SMD_0805 New Footprint=SMD_0805
Change Physical Footprint: Designator=C32 Old Footprint=SMD_0805 New Footprint=SMD_0805
Change Physical Footprint: Designator=C33 Old Footprint=SMD_0805 New Footprint=SMD_0805
Change Physical Footprint: Designator=C34 Old Footprint=SMD_0805 New Footprint=SMD_0805
Change Physical Footprint: Designator=C35 Old Footprint=SMD_0805 New Footprint=SMD_0805
Change Physical Footprint: Designator=L1 Old Footprint=SMD_0805 New Footprint=SMD_0805
Change Physical Footprint: Designator=R1 Old Footprint=SMD_0805 New Footprint=SMD_0805
Change Physical Footprint: Designator=R2 Old Footprint=SMD_0805 New Footprint=SMD_0805
Change Physical Footprint: Designator=R3 Old Footprint=SMD_0805 New Footprint=SMD_0805
Change Physical Footprint: Designator=R4 Old Footprint=SMD_0805 New Footprint=SMD_0805
Change Physical Footprint: Designator=R6 Old Footprint=SMD_0805 New Footprint=SMD_0805
Change Physical Footprint: Designator=R7 Old Footprint=SMD_0805 New Footprint=SMD_0805
Change Physical Footprint: Designator=R8 Old Footprint=SMD_0805 New Footprint=SMD_0805
Change Physical Footprint: Designator=R9 Old Footprint=SMD_0805 New Footprint=SMD_0805
Change Physical Footprint: Designator=R10 Old Footprint=SMD_0805 New Footprint=SMD_0805
Change Physical Footprint: Designator=R11 Old Footprint=SMD_0805 New Footprint=SMD_0805
Change Physical Footprint: Designator=R12 Old Footprint=SMD_0805 New Footprint=SMD_0805
Change Physical Footprint: Designator=R13 Old Footprint=SMD_0805 New Footprint=SMD_0805
Change Physical Footprint: Designator=R14 Old Footprint=SMD_0805 New Footprint=SMD_0805
Change Physical Footprint: Designator=R15 Old Footprint=SMD_0805 New Footprint=SMD_0805
Change Physical Footprint: Designator=R18 Old Footprint=SMD_0805 New Footprint=SMD_0805
Change Physical Footprint: Designator=R19 Old Footprint=SMD_0805 New Footprint=SMD_0805
Change Physical Footprint: Designator=R20 Old Footprint=SMD_0805 New Footprint=SMD_0805
Change Physical Footprint: Designator=R21 Old Footprint=SMD_0805 New Footprint=SMD_0805
Change Physical Footprint: Designator=U1 Old Footprint=MAA05A_M New Footprint=MAA05A_M
Change Physical Footprint: Designator=U6 Old Footprint=TSOP-5_483-02 New Footprint=TSOP-5_483-02
